<?xml version="1.0" encoding="utf-8"?><testsuites name="pytest tests"><testsuite name="pytest" errors="0" failures="0" skipped="0" tests="6" time="1.076" timestamp="2026-04-28T21:31:14.860144+00:00" hostname="agent-env-973c1b65-cb02-4d58-8ba1-8092c8926cac"><testcase classname="backend.tests.test_chefboyali_api" name="test_root" time="0.227" /><testcase classname="backend.tests.test_chefboyali_api" name="test_create_booking_minimal" time="0.123" /><testcase classname="backend.tests.test_chefboyali_api" name="test_create_booking_full" time="0.193" /><testcase classname="backend.tests.test_chefboyali_api" name="test_create_booking_missing_name" time="0.171" /><testcase classname="backend.tests.test_chefboyali_api" name="test_create_booking_invalid_email" time="0.119" /><testcase classname="backend.tests.test_chefboyali_api" name="test_list_bookings" time="0.128" /></testsuite></testsuites>